<?xml version="1.0" encoding="UTF-8"?>
<!-- Generated by org.testng.reporters.JUnitReportReporter -->
<testsuite skipped="0" hostname="LAPTOP-7335DD8Q" name="com.Loginpage.LoginValidation" tests="1" failures="0" timestamp="14 May 2020 12:11:26 GMT" time="10.537" errors="0">
  <testcase name="main" time="10.537" classname="com.Loginpage.LoginValidation"/>
</testsuite> <!-- com.Loginpage.LoginValidation -->
